# JRE version: OpenJDK Runtime Environment (8.0_312-b07) (build 1.8.0_312-b07)
# Java VM: OpenJDK 64-Bit Server VM (25.312-b07 mixed mode windows-amd64 compressed oops)
Heap:
 PSYoungGen      total 136192K, used 19381K [0x0000000781500000, 0x000000078c580000, 0x00000007c0000000)
  eden space 102400K, 18% used [0x0000000781500000,0x00000007827ed720,0x0000000787900000)
  from space 33792K, 0% used [0x0000000787900000,0x0000000787900000,0x0000000789a00000)
  to   space 28672K, 0% used [0x0000000789a00000,0x0000000789a00000,0x000000078b600000)
 ParOldGen       total 177152K, used 55410K [0x0000000703e00000, 0x000000070eb00000, 0x0000000781500000)
  object space 177152K, 31% used [0x0000000703e00000,0x000000070741cb80,0x000000070eb00000)
 Metaspace       used 58199K, capacity 59607K, committed 59608K, reserved 1101824K
  class space    used 7072K, capacity 7424K, committed 7424K, reserved 1048576K
GC Heap History (10 events):
Event: 2.652 GC heap before
{Heap before GC invocations=8 (full 2):
 PSYoungGen      total 72704K, used 72691K [0x0000000781500000, 0x0000000789200000, 0x00000007c0000000)
  eden space 65024K, 100% used [0x0000000781500000,0x0000000785480000,0x0000000785480000)
  from space 7680K, 99% used [0x0000000785480000,0x0000000785bfcd30,0x0000000785c00000)
  to   space 22016K, 0% used [0x0000000787c80000,0x0000000787c80000,0x0000000789200000)
 ParOldGen       total 177152K, used 34500K [0x0000000703e00000, 0x000000070eb00000, 0x0000000781500000)
  object space 177152K, 19% used [0x0000000703e00000,0x0000000705fb1060,0x000000070eb00000)
 Metaspace       used 49523K, capacity 50557K, committed 50816K, reserved 1093632K
  class space    used 6207K, capacity 6499K, committed 6528K, reserved 1048576K
Event: 2.660 GC heap after
Heap after GC invocations=8 (full 2):
 PSYoungGen      total 104960K, used 18728K [0x0000000781500000, 0x0000000789400000, 0x00000007c0000000)
  eden space 82944K, 0% used [0x0000000781500000,0x0000000781500000,0x0000000786600000)
  from space 22016K, 85% used [0x0000000787c80000,0x0000000788eca068,0x0000000789200000)
  to   space 23040K, 0% used [0x0000000786600000,0x0000000786600000,0x0000000787c80000)
 ParOldGen       total 177152K, used 34523K [0x0000000703e00000, 0x000000070eb00000, 0x0000000781500000)
  object space 177152K, 19% used [0x0000000703e00000,0x0000000705fb6c70,0x000000070eb00000)
 Metaspace       used 49523K, capacity 50557K, committed 50816K, reserved 1093632K
  class space    used 6207K, capacity 6499K, committed 6528K, reserved 1048576K
}
Event: 3.403 GC heap before
{Heap before GC invocations=9 (full 2):
 PSYoungGen      total 104960K, used 101672K [0x0000000781500000, 0x0000000789400000, 0x00000007c0000000)
  eden space 82944K, 100% used [0x0000000781500000,0x0000000786600000,0x0000000786600000)
  from space 22016K, 85% used [0x0000000787c80000,0x0000000788eca068,0x0000000789200000)
  to   space 23040K, 0% used [0x0000000786600000,0x0000000786600000,0x0000000787c80000)
 ParOldGen       total 177152K, used 34523K [0x0000000703e00000, 0x000000070eb00000, 0x0000000781500000)
  object space 177152K, 19% used [0x0000000703e00000,0x0000000705fb6c70,0x000000070eb00000)
 Metaspace       used 53477K, capacity 54703K, committed 54784K, reserved 1097728K
  class space    used 6604K, capacity 6896K, committed 6912K, reserved 1048576K
Event: 3.416 GC heap after
Heap after GC invocations=9 (full 2):
 PSYoungGen      total 105984K, used 23039K [0x0000000781500000, 0x000000078b600000, 0x00000007c0000000)
  eden space 82944K, 0% used [0x0000000781500000,0x0000000781500000,0x0000000786600000)
  from space 23040K, 99% used [0x0000000786600000,0x0000000787c7ffe0,0x0000000787c80000)
  to   space 28672K, 0% used [0x0000000789a00000,0x0000000789a00000,0x000000078b600000)
 ParOldGen       total 177152K, used 40965K [0x0000000703e00000, 0x000000070eb00000, 0x0000000781500000)
  object space 177152K, 23% used [0x0000000703e00000,0x0000000706601448,0x000000070eb00000)
 Metaspace       used 53477K, capacity 54703K, committed 54784K, reserved 1097728K
  class space    used 6604K, capacity 6896K, committed 6912K, reserved 1048576K
}
Event: 3.745 GC heap before
{Heap before GC invocations=10 (full 2):
 PSYoungGen      total 105984K, used 105983K [0x0000000781500000, 0x000000078b600000, 0x00000007c0000000)
  eden space 82944K, 100% used [0x0000000781500000,0x0000000786600000,0x0000000786600000)
  from space 23040K, 99% used [0x0000000786600000,0x0000000787c7ffe0,0x0000000787c80000)
  to   space 28672K, 0% used [0x0000000789a00000,0x0000000789a00000,0x000000078b600000)
 ParOldGen       total 177152K, used 40965K [0x0000000703e00000, 0x000000070eb00000, 0x0000000781500000)
  object space 177152K, 23% used [0x0000000703e00000,0x0000000706601448,0x000000070eb00000)
 Metaspace       used 54660K, capacity 55959K, committed 56192K, reserved 1097728K
  class space    used 6720K, capacity 7030K, committed 7040K, reserved 1048576K
Event: 3.758 GC heap after
Heap after GC invocations=10 (full 2):
 PSYoungGen      total 131072K, used 28651K [0x0000000781500000, 0x000000078c580000, 0x00000007c0000000)
  eden space 102400K, 0% used [0x0000000781500000,0x0000000781500000,0x0000000787900000)
  from space 28672K, 99% used [0x0000000789a00000,0x000000078b5fae68,0x000000078b600000)
  to   space 33792K, 0% used [0x0000000787900000,0x0000000787900000,0x0000000789a00000)
 ParOldGen       total 177152K, used 44615K [0x0000000703e00000, 0x000000070eb00000, 0x0000000781500000)
  object space 177152K, 25% used [0x0000000703e00000,0x0000000706991c78,0x000000070eb00000)
 Metaspace       used 54660K, capacity 55959K, committed 56192K, reserved 1097728K
  class space    used 6720K, capacity 7030K, committed 7040K, reserved 1048576K
}
Event: 4.222 GC heap before
{Heap before GC invocations=11 (full 2):
 PSYoungGen      total 131072K, used 75412K [0x0000000781500000, 0x000000078c580000, 0x00000007c0000000)
  eden space 102400K, 45% used [0x0000000781500000,0x00000007842aa318,0x0000000787900000)
  from space 28672K, 99% used [0x0000000789a00000,0x000000078b5fae68,0x000000078b600000)
  to   space 33792K, 0% used [0x0000000787900000,0x0000000787900000,0x0000000789a00000)
 ParOldGen       total 177152K, used 44615K [0x0000000703e00000, 0x000000070eb00000, 0x0000000781500000)
  object space 177152K, 25% used [0x0000000703e00000,0x0000000706991c78,0x000000070eb00000)
 Metaspace       used 57664K, capacity 59015K, committed 59096K, reserved 1101824K
  class space    used 7036K, capacity 7356K, committed 7424K, reserved 1048576K
Event: 4.237 GC heap after
Heap after GC invocations=11 (full 2):
 PSYoungGen      total 136192K, used 33598K [0x0000000781500000, 0x000000078c580000, 0x00000007c0000000)
  eden space 102400K, 0% used [0x0000000781500000,0x0000000781500000,0x0000000787900000)
  from space 33792K, 99% used [0x0000000787900000,0x00000007899cf9f0,0x0000000789a00000)
  to   space 28672K, 0% used [0x0000000789a00000,0x0000000789a00000,0x000000078b600000)
 ParOldGen       total 177152K, used 44623K [0x0000000703e00000, 0x000000070eb00000, 0x0000000781500000)
  object space 177152K, 25% used [0x0000000703e00000,0x0000000706993c78,0x000000070eb00000)
 Metaspace       used 57664K, capacity 59015K, committed 59096K, reserved 1101824K
  class space    used 7036K, capacity 7356K, committed 7424K, reserved 1048576K
}
Event: 4.237 GC heap before
{Heap before GC invocations=12 (full 3):
 PSYoungGen      total 136192K, used 33598K [0x0000000781500000, 0x000000078c580000, 0x00000007c0000000)
  eden space 102400K, 0% used [0x0000000781500000,0x0000000781500000,0x0000000787900000)
  from space 33792K, 99% used [0x0000000787900000,0x00000007899cf9f0,0x0000000789a00000)
  to   space 28672K, 0% used [0x0000000789a00000,0x0000000789a00000,0x000000078b600000)
 ParOldGen       total 177152K, used 44623K [0x0000000703e00000, 0x000000070eb00000, 0x0000000781500000)
  object space 177152K, 25% used [0x0000000703e00000,0x0000000706993c78,0x000000070eb00000)
 Metaspace       used 57664K, capacity 59015K, committed 59096K, reserved 1101824K
  class space    used 7036K, capacity 7356K, committed 7424K, reserved 1048576K
Event: 4.359 GC heap after
Heap after GC invocations=12 (full 3):
 PSYoungGen      total 136192K, used 0K [0x0000000781500000, 0x000000078c580000, 0x00000007c0000000)
  eden space 102400K, 0% used [0x0000000781500000,0x0000000781500000,0x0000000787900000)
  from space 33792K, 0% used [0x0000000787900000,0x0000000787900000,0x0000000789a00000)
  to   space 28672K, 0% used [0x0000000789a00000,0x0000000789a00000,0x000000078b600000)
 ParOldGen       total 177152K, used 55410K [0x0000000703e00000, 0x000000070eb00000, 0x0000000781500000)
  object space 177152K, 31% used [0x0000000703e00000,0x000000070741cb80,0x000000070eb00000)
 Metaspace       used 57664K, capacity 59015K, committed 59096K, reserved 1101824K
  class space    used 7036K, capacity 7356K, committed 7424K, reserved 1048576K
}

