# JRE version: OpenJDK Runtime Environment (8.0_312-b07) (build 1.8.0_312-b07)
# Java VM: OpenJDK 64-Bit Server VM (25.312-b07 mixed mode windows-amd64 compressed oops)
Heap:
 PSYoungGen      total 56832K, used 7672K [0x0000000781500000, 0x0000000785400000, 0x00000007c0000000)
  eden space 49152K, 0% used [0x0000000781500000,0x0000000781500000,0x0000000784500000)
  from space 7680K, 99% used [0x0000000784500000,0x0000000784c7e1b0,0x0000000784c80000)
  to   space 7680K, 0% used [0x0000000784c80000,0x0000000784c80000,0x0000000785400000)
 ParOldGen       total 130048K, used 10850K [0x0000000703e00000, 0x000000070bd00000, 0x0000000781500000)
  object space 130048K, 8% used [0x0000000703e00000,0x0000000704898a90,0x000000070bd00000)
 Metaspace       used 21021K, capacity 21472K, committed 21628K, reserved 1069056K
  class space    used 2492K, capacity 2654K, committed 2688K, reserved 1048576K
GC Heap History (7 events):
Event: 0.482 GC heap before
{Heap before GC invocations=1 (full 0):
 PSYoungGen      total 56832K, used 49152K [0x0000000781500000, 0x0000000785400000, 0x00000007c0000000)
  eden space 49152K, 100% used [0x0000000781500000,0x0000000784500000,0x0000000784500000)
  from space 7680K, 0% used [0x0000000784c80000,0x0000000784c80000,0x0000000785400000)
  to   space 7680K, 0% used [0x0000000784500000,0x0000000784500000,0x0000000784c80000)
 ParOldGen       total 130048K, used 0K [0x0000000703e00000, 0x000000070bd00000, 0x0000000781500000)
  object space 130048K, 0% used [0x0000000703e00000,0x0000000703e00000,0x000000070bd00000)
 Metaspace       used 11543K, capacity 12166K, committed 12416K, reserved 1060864K
  class space    used 1274K, capacity 1315K, committed 1408K, reserved 1048576K
Event: 0.487 GC heap after
Heap after GC invocations=1 (full 0):
 PSYoungGen      total 56832K, used 7655K [0x0000000781500000, 0x0000000785400000, 0x00000007c0000000)
  eden space 49152K, 0% used [0x0000000781500000,0x0000000781500000,0x0000000784500000)
  from space 7680K, 99% used [0x0000000784500000,0x0000000784c79f80,0x0000000784c80000)
  to   space 7680K, 0% used [0x0000000784c80000,0x0000000784c80000,0x0000000785400000)
 ParOldGen       total 130048K, used 3876K [0x0000000703e00000, 0x000000070bd00000, 0x0000000781500000)
  object space 130048K, 2% used [0x0000000703e00000,0x00000007041c91f0,0x000000070bd00000)
 Metaspace       used 11543K, capacity 12166K, committed 12416K, reserved 1060864K
  class space    used 1274K, capacity 1315K, committed 1408K, reserved 1048576K
}
Event: 0.794 GC heap before
{Heap before GC invocations=2 (full 0):
 PSYoungGen      total 56832K, used 47402K [0x0000000781500000, 0x0000000785400000, 0x00000007c0000000)
  eden space 49152K, 80% used [0x0000000781500000,0x0000000783bd09d0,0x0000000784500000)
  from space 7680K, 99% used [0x0000000784500000,0x0000000784c79f80,0x0000000784c80000)
  to   space 7680K, 0% used [0x0000000784c80000,0x0000000784c80000,0x0000000785400000)
 ParOldGen       total 130048K, used 3876K [0x0000000703e00000, 0x000000070bd00000, 0x0000000781500000)
  object space 130048K, 2% used [0x0000000703e00000,0x00000007041c91f0,0x000000070bd00000)
 Metaspace       used 20689K, capacity 21158K, committed 21552K, reserved 1069056K
  class space    used 2449K, capacity 2617K, committed 2688K, reserved 1048576K
Event: 0.799 GC heap after
Heap after GC invocations=2 (full 0):
 PSYoungGen      total 56832K, used 7672K [0x0000000781500000, 0x0000000785400000, 0x00000007c0000000)
  eden space 49152K, 0% used [0x0000000781500000,0x0000000781500000,0x0000000784500000)
  from space 7680K, 99% used [0x0000000784c80000,0x00000007853fe1b0,0x0000000785400000)
  to   space 7680K, 0% used [0x0000000784500000,0x0000000784500000,0x0000000784c80000)
 ParOldGen       total 130048K, used 10431K [0x0000000703e00000, 0x000000070bd00000, 0x0000000781500000)
  object space 130048K, 8% used [0x0000000703e00000,0x000000070482fe08,0x000000070bd00000)
 Metaspace       used 20689K, capacity 21158K, committed 21552K, reserved 1069056K
  class space    used 2449K, capacity 2617K, committed 2688K, reserved 1048576K
}
Event: 0.813 GC heap before
{Heap before GC invocations=3 (full 0):
 PSYoungGen      total 56832K, used 9609K [0x0000000781500000, 0x0000000785400000, 0x00000007c0000000)
  eden space 49152K, 3% used [0x0000000781500000,0x00000007816e4550,0x0000000784500000)
  from space 7680K, 99% used [0x0000000784c80000,0x00000007853fe1b0,0x0000000785400000)
  to   space 7680K, 0% used [0x0000000784500000,0x0000000784500000,0x0000000784c80000)
 ParOldGen       total 130048K, used 10431K [0x0000000703e00000, 0x000000070bd00000, 0x0000000781500000)
  object space 130048K, 8% used [0x0000000703e00000,0x000000070482fe08,0x000000070bd00000)
 Metaspace       used 21021K, capacity 21472K, committed 21628K, reserved 1069056K
  class space    used 2492K, capacity 2654K, committed 2688K, reserved 1048576K
Event: 0.816 GC heap after
Heap after GC invocations=3 (full 0):
 PSYoungGen      total 56832K, used 7672K [0x0000000781500000, 0x0000000785400000, 0x00000007c0000000)
  eden space 49152K, 0% used [0x0000000781500000,0x0000000781500000,0x0000000784500000)
  from space 7680K, 99% used [0x0000000784500000,0x0000000784c7e1b0,0x0000000784c80000)
  to   space 7680K, 0% used [0x0000000784c80000,0x0000000784c80000,0x0000000785400000)
 ParOldGen       total 130048K, used 10850K [0x0000000703e00000, 0x000000070bd00000, 0x0000000781500000)
  object space 130048K, 8% used [0x0000000703e00000,0x0000000704898a90,0x000000070bd00000)
 Metaspace       used 21021K, capacity 21472K, committed 21628K, reserved 1069056K
  class space    used 2492K, capacity 2654K, committed 2688K, reserved 1048576K
}
Event: 0.816 GC heap before
{Heap before GC invocations=4 (full 1):
 PSYoungGen      total 56832K, used 7672K [0x0000000781500000, 0x0000000785400000, 0x00000007c0000000)
  eden space 49152K, 0% used [0x0000000781500000,0x0000000781500000,0x0000000784500000)
  from space 7680K, 99% used [0x0000000784500000,0x0000000784c7e1b0,0x0000000784c80000)
  to   space 7680K, 0% used [0x0000000784c80000,0x0000000784c80000,0x0000000785400000)
 ParOldGen       total 130048K, used 10850K [0x0000000703e00000, 0x000000070bd00000, 0x0000000781500000)
  object space 130048K, 8% used [0x0000000703e00000,0x0000000704898a90,0x000000070bd00000)
 Metaspace       used 21021K, capacity 21472K, committed 21628K, reserved 1069056K
  class space    used 2492K, capacity 2654K, committed 2688K, reserved 1048576K

